<?xml version="1.0" encoding="UTF-8"?>
<testsuite xmlns:xsi="http://www.w3.org/2001/XMLSchema-instance" xsi:noNamespaceSchemaLocation="https://maven.apache.org/surefire/maven-surefire-plugin/xsd/surefire-test-report.xsd" name="de.hfu.AppTest" time="0.045" tests="1" errors="0" skipped="0" failures="0">
  <properties>
    <property name="java.specification.version" value="17"/>
    <property name="sun.cpu.isalist" value="amd64"/>
    <property name="sun.jnu.encoding" value="Cp1252"/>
    <property name="java.class.path" value="C:\Users\akjau\mavenProjekt\mavenPraktikum\target\test-classes;C:\Users\akjau\mavenProjekt\mavenPraktikum\target\classes;C:\Users\akjau\.m2\repository\junit\junit\4.12\junit-4.12.jar;C:\Users\akjau\.m2\repository\org\hamcrest\hamcrest-core\1.3\hamcrest-core-1.3.jar;"/>
    <property name="java.vm.vendor" value="Oracle Corporation"/>
    <property name="sun.arch.data.model" value="64"/>
    <property name="user.variant" value=""/>
    <property name="java.vendor.url" value="https://java.oracle.com/"/>
    <property name="user.timezone" value="Europe/Berlin"/>
    <property name="os.name" value="Windows 10"/>
    <property name="java.vm.specification.version" value="17"/>
    <property name="sun.java.launcher" value="SUN_STANDARD"/>
    <property name="user.country" value="DE"/>
    <property name="sun.boot.library.path" value="C:\Program Files\OpenJDK\jdk-17.0.1\bin"/>
    <property name="sun.java.command" value="C:\Users\akjau\AppData\Local\Temp\surefire2957222698349839009\surefirebooter12477874367632072952.jar C:\Users\akjau\AppData\Local\Temp\surefire2957222698349839009 2021-12-07T10-19-45_733-jvmRun1 surefire3461624389381006883tmp surefire_012342906031171396287tmp"/>
    <property name="jdk.debug" value="release"/>
    <property name="surefire.test.class.path" value="C:\Users\akjau\mavenProjekt\mavenPraktikum\target\test-classes;C:\Users\akjau\mavenProjekt\mavenPraktikum\target\classes;C:\Users\akjau\.m2\repository\junit\junit\4.12\junit-4.12.jar;C:\Users\akjau\.m2\repository\org\hamcrest\hamcrest-core\1.3\hamcrest-core-1.3.jar;"/>
    <property name="sun.cpu.endian" value="little"/>
    <property name="user.home" value="C:\Users\akjau"/>
    <property name="user.language" value="de"/>
    <property name="java.specification.vendor" value="Oracle Corporation"/>
    <property name="java.version.date" value="2021-10-19"/>
    <property name="java.home" value="C:\Program Files\OpenJDK\jdk-17.0.1"/>
    <property name="file.separator" value="\"/>
    <property name="basedir" value="C:\Users\akjau\mavenProjekt\mavenPraktikum"/>
    <property name="java.vm.compressedOopsMode" value="Zero based"/>
    <property name="line.separator" value="&#10;"/>
    <property name="java.vm.specification.vendor" value="Oracle Corporation"/>
    <property name="java.specification.name" value="Java Platform API Specification"/>
    <property name="surefire.real.class.path" value="C:\Users\akjau\AppData\Local\Temp\surefire2957222698349839009\surefirebooter12477874367632072952.jar"/>
    <property name="user.script" value=""/>
    <property name="sun.management.compiler" value="HotSpot 64-Bit Tiered Compilers"/>
    <property name="java.runtime.version" value="17.0.1+12-39"/>
    <property name="user.name" value="akjau"/>
    <property name="path.separator" value=";"/>
    <property name="os.version" value="10.0"/>
    <property name="java.runtime.name" value="OpenJDK Runtime Environment"/>
    <property name="file.encoding" value="Cp1252"/>
    <property name="java.vm.name" value="OpenJDK 64-Bit Server VM"/>
    <property name="localRepository" value="C:\Users\akjau\.m2\repository"/>
    <property name="java.vendor.url.bug" value="https://bugreport.java.com/bugreport/"/>
    <property name="java.io.tmpdir" value="C:\Users\akjau\AppData\Local\Temp\"/>
    <property name="java.version" value="17.0.1"/>
    <property name="user.dir" value="C:\Users\akjau\mavenProjekt\mavenPraktikum"/>
    <property name="os.arch" value="amd64"/>
    <property name="java.vm.specification.name" value="Java Virtual Machine Specification"/>
    <property name="sun.os.patch.level" value=""/>
    <property name="native.encoding" value="Cp1252"/>
    <property name="java.library.path" value="C:\Program Files\OpenJDK\jdk-17.0.1\bin;C:\WINDOWS\Sun\Java\bin;C:\WINDOWS\system32;C:\WINDOWS;C:\Users\akjau\AppData\Local\Programs\Python\Python39\Scripts\;C:\Users\akjau\AppData\Local\Programs\Python\Python39\;C:\Program Files (x86)\Common Files\Oracle\Java\javapath;C:\windows\system32;C:\windows;C:\windows\System32\Wbem;C:\windows\System32\WindowsPowerShell\v1.0\;C:\windows\System32\OpenSSH\;C:\Program Files (x86)\NVIDIA Corporation\PhysX\Common;C:\Program Files\NVIDIA Corporation\NVIDIA NvDLISR;C:\Program Files\Microsoft SQL Server\130\Tools\Binn\;C:\WINDOWS\system32;C:\WINDOWS;C:\WINDOWS\System32\Wbem;C:\WINDOWS\System32\WindowsPowerShell\v1.0\;C:\WINDOWS\System32\OpenSSH\;C:\ProgramData\chocolatey\bin;C:\Program Files\nodejs\;C:\Program Files\Git\cmd;C:\Program Files (x86)\Subversion\bin;C:\Program Files\OpenJDK\jdk-17.0.1\bin;C:\ProgramData\chocolatey\lib\maven\apache-maven-3.8.3\bin;;C:\Program Files\Docker\Docker\resources\bin;C:\ProgramData\DockerDesktop\version-bin;C:\Users\akjau\Desktop\WinPython_PREFERML\WinPython\WPy64-3730b4\python-3.7.3.amd64\xgboost;C:\Users\akjau\Desktop\WinPython_PREFERML\WinPython\WPy64-3730b4\python-3.7.3.amd64\Lib\site-packages;C:\Users\akjau\AppData\Local\Microsoft\WindowsApps;C:\Users\akjau\AppData\Local\Programs\Microsoft VS Code\bin;C:\Users\akjau\AppData\Roaming\npm;C:\spark\spark-3.1.2-bin-hadoop2.7\bin;%HADOOP%\bin;C:\Users\akjau\AppData\Local\Programs\Python\Python39\;C:\Users\akjau\AppData\Local\Programs\Python\Python39\Scripts\;;C:\Program Files\JetBrains\PyCharm Community Edition 2021.2.3\bin;;."/>
    <property name="java.vm.info" value="mixed mode, sharing"/>
    <property name="java.vendor" value="Oracle Corporation"/>
    <property name="java.vm.version" value="17.0.1+12-39"/>
    <property name="sun.io.unicode.encoding" value="UnicodeLittle"/>
    <property name="java.class.version" value="61.0"/>
  </properties>
  <testcase name="shouldAnswerWithTrue" classname="de.hfu.AppTest" time="0.002"/>
</testsuite>